<?xml version="1.0" encoding="UTF-8"?>
<testsuite xmlns:xsi="http://www.w3.org/2001/XMLSchema-instance" xsi:noNamespaceSchemaLocation="https://maven.apache.org/surefire/maven-surefire-plugin/xsd/surefire-test-report-3.0.xsd" version="3.0" name="TestSuite" time="1.601" tests="2" errors="0" skipped="0" failures="0">
  <properties>
[...]
</properties>
  <testcase name="testCase1" classname="TestClass.testpage" time="0.017">
    <system-out><![CDATA[in beforeSuite
in beforeTest
in beforeClass
in beforeMethod
in test case 1
]]></system-out>
  </testcase>
  <testcase name="testCase2" classname="TestClass.testpage" time="0">
    <system-out><![CDATA[in afterMethod
in beforeMethod
in test case 2
]]></system-out>
  </testcase>
</testsuite>