<?xml version="1.0" encoding="UTF-8"?>
<testng-results ignored="0" total="1" passed="1" failed="0" skipped="0">
  <reporter-output>
  </reporter-output>
  <suite started-at="2024-11-04T08:25:20 IST" name="Suite" finished-at="2024-11-04T08:25:54 IST" duration-ms="33220">
    <groups>
    </groups>
    <test started-at="2024-11-04T08:25:20 IST" name="Test" finished-at="2024-11-04T08:25:54 IST" duration-ms="33220">
      <class name="TestClass.LoginTestClass">
        <test-method signature="testCase1()[pri:0, instance:TestClass.LoginTestClass@56de5251]" started-at="2024-11-04T08:25:20 IST" name="testCase1" finished-at="2024-11-04T08:25:54 IST" duration-ms="33138" status="PASS">
          <reporter-output>
          </reporter-output>
        </test-method> <!-- testCase1 -->
      </class> <!-- TestClass.LoginTestClass -->
    </test> <!-- Test -->
  </suite> <!-- Suite -->
</testng-results>
