<?xml version="1.0" encoding="UTF-8"?>
<testng-results ignored="0" total="1" passed="1" failed="0" skipped="0">
  <reporter-output>
  </reporter-output>
  <suite started-at="2024-11-22T06:17:47 IST" name="Default suite" finished-at="2024-11-22T06:18:32 IST" duration-ms="44570">
    <groups>
    </groups>
    <test started-at="2024-11-22T06:17:47 IST" name="Default test" finished-at="2024-11-22T06:18:32 IST" duration-ms="44570">
      <class name="TestClass.LoginTestClass">
        <test-method signature="testCase1()[pri:0, instance:TestClass.LoginTestClass@49139829]" started-at="2024-11-22T06:17:47 IST" name="testCase1" finished-at="2024-11-22T06:18:31 IST" duration-ms="44425" status="PASS">
          <reporter-output>
          </reporter-output>
        </test-method> <!-- testCase1 -->
      </class> <!-- TestClass.LoginTestClass -->
    </test> <!-- Default test -->
  </suite> <!-- Default suite -->
</testng-results>
