<?xml version="1.0" encoding="UTF-8"?>
<testng-results ignored="0" total="1" passed="1" failed="0" skipped="0">
  <reporter-output>
  </reporter-output>
  <suite started-at="2024-11-04T08:01:57 IST" name="Default suite" finished-at="2024-11-04T08:02:22 IST" duration-ms="25095">
    <groups>
    </groups>
    <test started-at="2024-11-04T08:01:57 IST" name="Default test" finished-at="2024-11-04T08:02:22 IST" duration-ms="25095">
      <class name="TestClass.LoginTestClass">
        <test-method signature="testCase1()[pri:0, instance:TestClass.LoginTestClass@795cd85e]" started-at="2024-11-04T08:01:57 IST" name="testCase1" finished-at="2024-11-04T08:02:22 IST" duration-ms="24989" status="PASS">
          <reporter-output>
          </reporter-output>
        </test-method> <!-- testCase1 -->
      </class> <!-- TestClass.LoginTestClass -->
    </test> <!-- Default test -->
  </suite> <!-- Default suite -->
</testng-results>
